# JRE version: OpenJDK Runtime Environment (8.0_202) (build 1.8.0_202-release-1483-b49-5587405)
# Java VM: OpenJDK 64-Bit Server VM (25.202-b49-5587405 mixed mode linux-amd64 compressed oops)
Heap:
 PSYoungGen      total 448512K, used 38401K [0x00000000e0000000, 0x0000000100000000, 0x0000000100000000)
  eden space 409600K, 0% used [0x00000000e0000000,0x00000000e0000000,0x00000000f9000000)
  from space 38912K, 98% used [0x00000000f9000000,0x00000000fb5806f8,0x00000000fb600000)
  to   space 59392K, 0% used [0x00000000fc600000,0x00000000fc600000,0x0000000100000000)
 ParOldGen       total 181760K, used 144102K [0x00000000a0000000, 0x00000000ab180000, 0x00000000e0000000)
  object space 181760K, 79% used [0x00000000a0000000,0x00000000a8cb9a88,0x00000000ab180000)
 Metaspace       used 157663K, capacity 163818K, committed 163968K, reserved 1191936K
  class space    used 19809K, capacity 21125K, committed 21172K, reserved 1048576K
GC Heap History (10 events):
Event: 10862.186 GC heap after
Heap after GC invocations=17 (full 3):
 PSYoungGen      total 493056K, used 15470K [0x00000000e0000000, 0x0000000100000000, 0x0000000100000000)
  eden space 467968K, 0% used [0x00000000e0000000,0x00000000e0000000,0x00000000fc900000)
  from space 25088K, 61% used [0x00000000fe780000,0x00000000ff69b810,0x0000000100000000)
  to   space 28160K, 0% used [0x00000000fc900000,0x00000000fc900000,0x00000000fe480000)
 ParOldGen       total 130560K, used 70805K [0x00000000a0000000, 0x00000000a7f80000, 0x00000000e0000000)
  object space 130560K, 54% used [0x00000000a0000000,0x00000000a4525530,0x00000000a7f80000)
 Metaspace       used 94724K, capacity 98344K, committed 98380K, reserved 1134592K
  class space    used 12074K, capacity 12905K, committed 12928K, reserved 1048576K
}
Event: 10862.186 GC heap before
{Heap before GC invocations=18 (full 4):
 PSYoungGen      total 493056K, used 15470K [0x00000000e0000000, 0x0000000100000000, 0x0000000100000000)
  eden space 467968K, 0% used [0x00000000e0000000,0x00000000e0000000,0x00000000fc900000)
  from space 25088K, 61% used [0x00000000fe780000,0x00000000ff69b810,0x0000000100000000)
  to   space 28160K, 0% used [0x00000000fc900000,0x00000000fc900000,0x00000000fe480000)
 ParOldGen       total 130560K, used 70805K [0x00000000a0000000, 0x00000000a7f80000, 0x00000000e0000000)
  object space 130560K, 54% used [0x00000000a0000000,0x00000000a4525530,0x00000000a7f80000)
 Metaspace       used 94724K, capacity 98344K, committed 98380K, reserved 1134592K
  class space    used 12074K, capacity 12905K, committed 12928K, reserved 1048576K
Event: 10863.116 GC heap after
Heap after GC invocations=18 (full 4):
 PSYoungGen      total 493056K, used 0K [0x00000000e0000000, 0x0000000100000000, 0x0000000100000000)
  eden space 467968K, 0% used [0x00000000e0000000,0x00000000e0000000,0x00000000fc900000)
  from space 25088K, 0% used [0x00000000fe780000,0x00000000fe780000,0x0000000100000000)
  to   space 28160K, 0% used [0x00000000fc900000,0x00000000fc900000,0x00000000fe480000)
 ParOldGen       total 181760K, used 56073K [0x00000000a0000000, 0x00000000ab180000, 0x00000000e0000000)
  object space 181760K, 30% used [0x00000000a0000000,0x00000000a36c26c0,0x00000000ab180000)
 Metaspace       used 93903K, capacity 96774K, committed 98380K, reserved 1134592K
  class space    used 11912K, capacity 12579K, committed 12928K, reserved 1048576K
}
Event: 11295.194 GC heap before
{Heap before GC invocations=19 (full 4):
 PSYoungGen      total 493056K, used 467968K [0x00000000e0000000, 0x0000000100000000, 0x0000000100000000)
  eden space 467968K, 100% used [0x00000000e0000000,0x00000000fc900000,0x00000000fc900000)
  from space 25088K, 0% used [0x00000000fe780000,0x00000000fe780000,0x0000000100000000)
  to   space 28160K, 0% used [0x00000000fc900000,0x00000000fc900000,0x00000000fe480000)
 ParOldGen       total 181760K, used 56073K [0x00000000a0000000, 0x00000000ab180000, 0x00000000e0000000)
  object space 181760K, 30% used [0x00000000a0000000,0x00000000a36c26c0,0x00000000ab180000)
 Metaspace       used 116440K, capacity 120756K, committed 121036K, reserved 1155072K
  class space    used 14896K, capacity 15819K, committed 15872K, reserved 1048576K
Event: 11295.321 GC heap after
Heap after GC invocations=19 (full 4):
 PSYoungGen      total 496128K, used 28159K [0x00000000e0000000, 0x0000000100000000, 0x0000000100000000)
  eden space 467968K, 0% used [0x00000000e0000000,0x00000000e0000000,0x00000000fc900000)
  from space 28160K, 99% used [0x00000000fc900000,0x00000000fe47fdb8,0x00000000fe480000)
  to   space 28160K, 0% used [0x00000000fe480000,0x00000000fe480000,0x0000000100000000)
 ParOldGen       total 181760K, used 81565K [0x00000000a0000000, 0x00000000ab180000, 0x00000000e0000000)
  object space 181760K, 44% used [0x00000000a0000000,0x00000000a4fa75d8,0x00000000ab180000)
 Metaspace       used 116440K, capacity 120756K, committed 121036K, reserved 1155072K
  class space    used 14896K, capacity 15819K, committed 15872K, reserved 1048576K
}
Event: 12533.488 GC heap before
{Heap before GC invocations=20 (full 4):
 PSYoungGen      total 496128K, used 496127K [0x00000000e0000000, 0x0000000100000000, 0x0000000100000000)
  eden space 467968K, 100% used [0x00000000e0000000,0x00000000fc900000,0x00000000fc900000)
  from space 28160K, 99% used [0x00000000fc900000,0x00000000fe47fdb8,0x00000000fe480000)
  to   space 28160K, 0% used [0x00000000fe480000,0x00000000fe480000,0x0000000100000000)
 ParOldGen       total 181760K, used 81565K [0x00000000a0000000, 0x00000000ab180000, 0x00000000e0000000)
  object space 181760K, 44% used [0x00000000a0000000,0x00000000a4fa75d8,0x00000000ab180000)
 Metaspace       used 136878K, capacity 142208K, committed 142540K, reserved 1173504K
  class space    used 17232K, capacity 18368K, committed 18432K, reserved 1048576K
Event: 12533.743 GC heap after
Heap after GC invocations=20 (full 4):
 PSYoungGen      total 437760K, used 28147K [0x00000000e0000000, 0x0000000100000000, 0x0000000100000000)
  eden space 409600K, 0% used [0x00000000e0000000,0x00000000e0000000,0x00000000f9000000)
  from space 28160K, 99% used [0x00000000fe480000,0x00000000ffffccd8,0x0000000100000000)
  to   space 57344K, 0% used [0x00000000f9000000,0x00000000f9000000,0x00000000fc800000)
 ParOldGen       total 181760K, used 120695K [0x00000000a0000000, 0x00000000ab180000, 0x00000000e0000000)
  object space 181760K, 66% used [0x00000000a0000000,0x00000000a75dde18,0x00000000ab180000)
 Metaspace       used 136878K, capacity 142208K, committed 142540K, reserved 1173504K
  class space    used 17232K, capacity 18368K, committed 18432K, reserved 1048576K
}
Event: 12558.375 GC heap before
{Heap before GC invocations=21 (full 4):
 PSYoungGen      total 437760K, used 432209K [0x00000000e0000000, 0x0000000100000000, 0x0000000100000000)
  eden space 409600K, 98% used [0x00000000e0000000,0x00000000f8a97958,0x00000000f9000000)
  from space 28160K, 99% used [0x00000000fe480000,0x00000000ffffccd8,0x0000000100000000)
  to   space 57344K, 0% used [0x00000000f9000000,0x00000000f9000000,0x00000000fc800000)
 ParOldGen       total 181760K, used 120695K [0x00000000a0000000, 0x00000000ab180000, 0x00000000e0000000)
  object space 181760K, 66% used [0x00000000a0000000,0x00000000a75dde18,0x00000000ab180000)
 Metaspace       used 157663K, capacity 163818K, committed 163968K, reserved 1191936K
  class space    used 19809K, capacity 21125K, committed 21172K, reserved 1048576K
Event: 12558.630 GC heap after
Heap after GC invocations=21 (full 4):
 PSYoungGen      total 448512K, used 38401K [0x00000000e0000000, 0x0000000100000000, 0x0000000100000000)
  eden space 409600K, 0% used [0x00000000e0000000,0x00000000e0000000,0x00000000f9000000)
  from space 38912K, 98% used [0x00000000f9000000,0x00000000fb5806f8,0x00000000fb600000)
  to   space 59392K, 0% used [0x00000000fc600000,0x00000000fc600000,0x0000000100000000)
 ParOldGen       total 181760K, used 144102K [0x00000000a0000000, 0x00000000ab180000, 0x00000000e0000000)
  object space 181760K, 79% used [0x00000000a0000000,0x00000000a8cb9a88,0x00000000ab180000)
 Metaspace       used 157663K, capacity 163818K, committed 163968K, reserved 1191936K
  class space    used 19809K, capacity 21125K, committed 21172K, reserved 1048576K
}
Event: 12558.630 GC heap before
{Heap before GC invocations=22 (full 5):
 PSYoungGen      total 448512K, used 38401K [0x00000000e0000000, 0x0000000100000000, 0x0000000100000000)
  eden space 409600K, 0% used [0x00000000e0000000,0x00000000e0000000,0x00000000f9000000)
  from space 38912K, 98% used [0x00000000f9000000,0x00000000fb5806f8,0x00000000fb600000)
  to   space 59392K, 0% used [0x00000000fc600000,0x00000000fc600000,0x0000000100000000)
 ParOldGen       total 181760K, used 144102K [0x00000000a0000000, 0x00000000ab180000, 0x00000000e0000000)
  object space 181760K, 79% used [0x00000000a0000000,0x00000000a8cb9a88,0x00000000ab180000)
 Metaspace       used 157663K, capacity 163818K, committed 163968K, reserved 1191936K
  class space    used 19809K, capacity 21125K, committed 21172K, reserved 1048576K

